{"level":"info","message":{"_id":"6212574593aa2ab889aeef13","createdAt":"2022-02-20T14:59:17.675Z","name":"Project Nodejs Listt","updatedAt":"2022-02-20T14:59:17.675Z"},"service":"user-service"}
{"level":"info","message":{"_id":"62129cdeb860ab434aca368e","createdAt":"2022-02-20T19:56:14.693Z","updatedAt":"2022-02-20T19:56:14.693Z"},"service":"projects-service"}
{"level":"info","message":{"_id":"62129d3219ea40c337b80446","createdAt":"2022-02-20T19:57:38.275Z","updatedAt":"2022-02-20T19:57:38.275Z"},"service":"projects-service"}
{"level":"info","message":{"_id":"62129d62c32f00764271b403","createdAt":"2022-02-20T19:58:26.391Z","updatedAt":"2022-02-20T19:58:26.391Z"},"service":"projects-service"}
{"level":"info","message":{"_id":"62129f0356f986249d4fd129","createdAt":"2022-02-20T20:05:23.090Z","updatedAt":"2022-02-20T20:05:23.090Z"},"service":"projects-service"}
{"level":"info","message":{"_id":"62129f0556f986249d4fd12b","createdAt":"2022-02-20T20:05:25.218Z","updatedAt":"2022-02-20T20:05:25.218Z"},"service":"projects-service"}
{"level":"info","message":{"_id":"62129f0656f986249d4fd12d","createdAt":"2022-02-20T20:05:26.372Z","updatedAt":"2022-02-20T20:05:26.372Z"},"service":"projects-service"}
{"level":"info","message":{"_id":"62150731916f04417bdd5ac6","createdAt":"2022-02-22T15:54:25.630Z","name":"Project Nodejs Listt","updatedAt":"2022-02-22T15:54:25.630Z"},"service":"projects-service"}
{"level":"info","message":{"_id":"622e6fee60e4bdc1a93d9bf8","createdAt":"2022-03-13T22:27:58.953Z","name":"Asana Deneme Projesi","updatedAt":"2022-03-13T22:27:58.953Z"},"service":"projects-service"}
{"level":"info","message":{"_id":"622e70531cf8f9c3e2ba94eb","createdAt":"2022-03-13T22:29:39.692Z","name":"Asana Deneme Projesi 2","updatedAt":"2022-03-13T22:29:39.692Z"},"service":"projects-service"}
{"level":"info","message":{"_id":"622e70717c6afa8b01c6126c","createdAt":"2022-03-13T22:30:09.708Z","name":"Asana Deneme Projesi 3","updatedAt":"2022-03-13T22:30:09.708Z"},"service":"projects-service"}
{"level":"info","message":{"_id":"622e70b00fcd86ad80217b5a","createdAt":"2022-03-13T22:31:12.034Z","name":"Asana Deneme Projesi 4","updatedAt":"2022-03-13T22:31:12.034Z"},"service":"projects-service"}
{"level":"info","message":{"_id":"622e70c8807c024a99fad7b4","createdAt":"2022-03-13T22:31:36.818Z","name":"Asana Deneme Projesi 4","updatedAt":"2022-03-13T22:31:36.818Z"},"service":"projects-service"}
{"level":"info","message":{"_id":"622e71833295aa0c2d38b176","createdAt":"2022-03-13T22:34:43.611Z","name":"Asana Deneme Projesi 111","updatedAt":"2022-03-13T22:34:43.611Z","user_id":"622e6f8060e4bdc1a93d9bf3"},"service":"projects-service"}
{"level":"info","message":{"_id":"622e720c2aeefc4b41230d1f","createdAt":"2022-03-13T22:37:00.357Z","name":"Asana Deneme Projesi","updatedAt":"2022-03-13T22:37:00.357Z","user_id":"622e6f8060e4bdc1a93d9bf3"},"service":"projects-service"}
{"level":"info","message":{"_id":"622e72f525912367bb627912","createdAt":"2022-03-13T22:40:53.017Z","name":"Asana Deneme Projesi 2","updatedAt":"2022-03-13T22:40:53.017Z","user_id":"622e6f8060e4bdc1a93d9bf3"},"service":"projects-service"}
{"level":"info","message":{"_id":"622e72f925912367bb627914","createdAt":"2022-03-13T22:40:57.398Z","name":"Asana Deneme Projesi 3","updatedAt":"2022-03-13T22:40:57.398Z","user_id":"622e6f8060e4bdc1a93d9bf3"},"service":"projects-service"}
{"level":"info","message":{"_id":"622e763e247e7e9e4fb65c75","createdAt":"2022-03-13T22:54:54.777Z","name":"Asana Deneme Projesi 71","updatedAt":"2022-03-13T22:54:54.777Z","user_id":"622e6f8060e4bdc1a93d9bf3"},"service":"projects-service"}
{"level":"info","message":{"_id":"622e7663247e7e9e4fb65c79","createdAt":"2022-03-13T22:55:31.055Z","name":"Asana Deneme Projesi 71","updatedAt":"2022-03-13T22:55:31.055Z","user_id":"622e6f8060e4bdc1a93d9bf3"},"service":"projects-service"}
{"level":"info","message":{"_id":"622e79417d5554934eb61d09","createdAt":"2022-03-13T23:07:45.460Z","name":"Asana Deneme Projesi 71","updatedAt":"2022-03-13T23:07:45.460Z","user_id":"622e6f8060e4bdc1a93d9bf3"},"service":"projects-service"}
{"level":"info","message":{"_id":"622e794d7d5554934eb61d0d","createdAt":"2022-03-13T23:07:57.954Z","name":"Asana Deneme Projesi","updatedAt":"2022-03-13T23:07:57.954Z","user_id":"622e6f8060e4bdc1a93d9bf3"},"service":"projects-service"}
{"level":"info","message":{"_id":"622e7b6138ae2e7ac993e151","createdAt":"2022-03-13T23:16:50.000Z","name":"Asana Deneme Projesi","updatedAt":"2022-03-13T23:16:50.000Z","user_id":"622e6f8060e4bdc1a93d9bf3"},"service":"projects-service"}
{"level":"info","message":{"_id":"622e7e9c803d5c23cc22438d","createdAt":"2022-03-13T23:30:36.735Z","name":"Asana Deneme Projesi","updatedAt":"2022-03-13T23:30:36.735Z","user_id":"622e6f8060e4bdc1a93d9bf3"},"service":"projects-service"}
{"level":"info","message":{"_id":"622e7eaab9368786bbae3472","createdAt":"2022-03-13T23:30:50.524Z","name":"Asana Deneme Projesi","updatedAt":"2022-03-13T23:30:50.524Z","user_id":"622e6f8060e4bdc1a93d9bf3"},"service":"projects-service"}
{"level":"info","message":{"_id":"622e7fed5d114e145954e9a7","createdAt":"2022-03-13T23:36:13.380Z","name":"Asana Deneme Projesi","updatedAt":"2022-03-13T23:36:13.380Z","user_id":"622e6f8060e4bdc1a93d9bf3"},"service":"projects-service"}
{"level":"info","message":{"_id":"622f9eae89ec86e5282b9c5c","createdAt":"2022-03-14T19:59:42.029Z","name":"New Projects","updatedAt":"2022-03-14T19:59:42.029Z","user_id":"622e6f8060e4bdc1a93d9bf3"},"service":"projects-service"}
{"level":"info","message":{"_id":"622f9eae89ec86e5282b9c5c","createdAt":"2022-03-14T19:59:42.029Z","name":"Yeni Proje 1","updatedAt":"2022-03-14T20:20:56.832Z","user_id":"622e6f8060e4bdc1a93d9bf3"},"service":"projects-service"}
{"level":"info","message":{"_id":"62422501eabb7921f6b2090b","createdAt":"2022-03-28T21:13:37.458Z","name":"New Projects","updatedAt":"2022-03-28T21:13:37.458Z","user_id":"623cf6c219944f0b2878c38b"},"service":"projects-service"}
{"level":"info","message":{"_id":"6258150d0144f3382e845a56","createdAt":"2022-04-14T12:35:25.895Z","name":"Ali Ata bak","updatedAt":"2022-04-14T12:35:25.895Z","user_id":"623cf6c219944f0b2878c38b"},"service":"projects-service"}
{"level":"info","message":{"_id":"6372d3df463cbfb28daa2734","createdAt":"2022-11-14T23:48:47.705Z","name":"Raha b  ir krall","updatedAt":"2022-11-14T23:48:47.705Z","user_id":"626587a651cfb913499aa105"},"service":"projects-service"}
